<?xml version="1.0" encoding="UTF-8"?>
<!-- Generated by org.testng.reporters.JUnitReportReporter -->
<testsuite hostname="DESKTOP-Q0F1TSF" failures="0" tests="3" name="tests.SearchTest" time="14.990" errors="0" timestamp="2023-07-17T20:23:58 IST" skipped="0">
  <testcase classname="tests.SearchTest" name="searchWithValidProductName" time="4.927"/>
  <testcase classname="tests.SearchTest" name="searchWithInvalidProductName" time="5.312"/>
  <testcase classname="tests.SearchTest" name="searchByNotProvidingAnyProductName" time="4.751"/>
</testsuite> <!-- tests.SearchTest -->
