<?xml version="1.0" encoding="UTF-8"?>
<!-- Generated by org.testng.reporters.JUnitReportReporter -->
<testsuite hostname="DESKTOP-Q0F1TSF" failures="0" tests="2" name="tests.RegisterTest" time="17.237" errors="0" timestamp="2023-07-17T20:23:58 IST" skipped="0">
  <testcase classname="tests.RegisterTest" name="registerWithMandatoryFields" time="9.902"/>
  <testcase classname="tests.RegisterTest" name="registerWithAllFields" time="7.335"/>
</testsuite> <!-- tests.RegisterTest -->
