<?xml version="1.0" encoding="UTF-8"?>
<!-- Generated by org.testng.reporters.JUnitReportReporter -->
<testsuite hostname="DESKTOP-Q0F1TSF" failures="0" tests="3" name="tests.SearchTest" time="14.039" errors="0" timestamp="2023-07-22T22:53:59 IST" skipped="0">
  <testcase classname="tests.SearchTest" name="searchWithValidProductName" time="3.731"/>
  <testcase classname="tests.SearchTest" name="searchWithInvalidProductName" time="5.136"/>
  <testcase classname="tests.SearchTest" name="searchByNotProvidingAnyProductName" time="5.172"/>
</testsuite> <!-- tests.SearchTest -->
