<?xml version="1.0" encoding="UTF-8"?>
<!-- Generated by org.testng.reporters.JUnitReportReporter -->
<testsuite hostname="DESKTOP-Q0F1TSF" failures="0" tests="2" name="tests.LoginTest" time="8.581" errors="0" timestamp="2023-07-22T22:53:59 IST" skipped="0">
  <testcase classname="tests.LoginTest" name="loginWithValidCrendetials" time="4.201"/>
  <testcase classname="tests.LoginTest" name="loginWithInvalidCredentials" time="4.380"/>
</testsuite> <!-- tests.LoginTest -->
