<?xml version="1.0" encoding="UTF-8"?>
<!-- Generated by org.testng.reporters.JUnitReportReporter -->
<testsuite hostname="DESKTOP-Q0F1TSF" failures="0" tests="2" name="tests.RegisterTest" time="18.850" errors="0" timestamp="2023-07-22T22:53:59 IST" skipped="0">
  <testcase classname="tests.RegisterTest" name="registerWithMandatoryFields" time="6.187"/>
  <testcase classname="tests.RegisterTest" name="registerWithAllFields" time="12.663"/>
</testsuite> <!-- tests.RegisterTest -->
